<?xml version="1.0" encoding="UTF-8"?>
<!-- Generated by org.testng.reporters.JUnitReportReporter -->
<testsuite skipped="0" hostname="Lenovo" name="org.test.SampleProject" tests="1" failures="0" timestamp="08 Jun 2022 15:12:48 GMT" time="0.046" errors="0">
  <testcase name="testA1" time="0.046" classname="org.test.SampleProject"/>
</testsuite> <!-- org.test.SampleProject -->
